<?xml version="1.0" encoding="utf-8" standalone="no"?>
<test-run id="2" testcasecount="27" result="Failed" total="27" passed="18" failed="6" inconclusive="0" skipped="3" asserts="37" engine-version="3.5.0.0" clr-version="4.0.30319.42000" start-time="2018-01-05 08:37:59Z" end-time="2018-01-05 08:42:17Z" duration="258.890230">
  <command-line><![CDATA["C:\nunit\nunit3-console.exe" \go\pipelines\TOP-4230-pt_systemtests_dev\Tests\TestDlls\AP.Tests.dll \go\pipelines\TOP-4230-pt_systemtests_dev\Tests\TestDlls\AR.Tests.dll \go\pipelines\TOP-4230-pt_systemtests_dev\Tests\TestDlls\TestDatBuilder.Tests.dll --process=Single --result=SystemApi.Tests.xml --work=TestResult --workers=1]]></command-line>
  <test-suite type="Assembly" id="1-1034" name="AP.Tests.dll" fullname="\go\pipelines\TOP-4230-pt_systemtests_dev\Tests\TestDlls\AP.Tests.dll" runstate="Runnable" testcasecount="23" result="Failed" site="Child" start-time="2018-01-05 08:37:59Z" end-time="2018-01-05 08:41:30Z" duration="211.185278" total="23" passed="18" failed="3" warnings="0" inconclusive="0" skipped="2" asserts="37">
    <environment framework-version="3.9.0.0" clr-version="4.0.30319.42000" os-version="Microsoft Windows NT 10.0.14393.0" platform="Win32NT" cwd="\go\pipelines\TOP-4230-pt_systemtests_dev\Tests\TestDlls" machine-name="ACME" user="donald" user-domain="topsecret" culture="en-US" uiculture="en-US" os-architecture="x64" />
    <settings>
      <setting name="ProcessModel" value="InProcess" />
      <setting name="DisposeRunners" value="True" />
      <setting name="WorkDirectory" value="TestResult" />
      <setting name="NumberOfTestWorkers" value="1" />
      <setting name="ImageRuntimeVersion" value="4.0.30319" />
      <setting name="ImageTargetFrameworkName" value=".NETFramework,Version=v4.7" />
      <setting name="ImageRequiresX86" value="False" />
      <setting name="ImageRequiresDefaultAppDomainAssemblyResolver" value="False" />
    </settings>
    <properties>
      <property name="_PID" value="6952" />
      <property name="_APPDOMAIN" value="test-domain-AP.Tests.dll" />
    </properties>
    <failure>
      <message><![CDATA[One or more child tests had errors]]></message>
    </failure>
    <test-suite type="TestSuite" id="1-1035" name="Haufe" fullname="Haufe" runstate="Runnable" testcasecount="23" result="Failed" site="Child" start-time="2018-01-05 08:37:59Z" end-time="2018-01-05 08:41:30Z" duration="211.144249" total="23" passed="18" failed="3" warnings="0" inconclusive="0" skipped="2" asserts="37">
      <failure>
        <message><![CDATA[One or more child tests had errors]]></message>
      </failure>
      <test-suite type="TestSuite" id="1-1036" name="PT" fullname="Haufe.PT" runstate="Runnable" testcasecount="23" result="Failed" site="Child" start-time="2018-01-05 08:37:59Z" end-time="2018-01-05 08:41:30Z" duration="211.143096" total="23" passed="18" failed="3" warnings="0" inconclusive="0" skipped="2" asserts="37">
        <failure>
          <message><![CDATA[One or more child tests had errors]]></message>
        </failure>
        <test-suite type="TestSuite" id="1-1037" name="Api" fullname="Haufe.PT.Api" runstate="Runnable" testcasecount="23" result="Failed" site="Child" start-time="2018-01-05 08:37:59Z" end-time="2018-01-05 08:41:30Z" duration="211.143074" total="23" passed="18" failed="3" warnings="0" inconclusive="0" skipped="2" asserts="37">
          <failure>
            <message><![CDATA[One or more child tests had errors]]></message>
          </failure>
          <test-suite type="TestSuite" id="1-1038" name="SystemTests" fullname="Haufe.PT.Api.SystemTests" runstate="Runnable" testcasecount="23" result="Failed" site="Child" start-time="2018-01-05 08:37:59Z" end-time="2018-01-05 08:41:30Z" duration="211.143059" total="23" passed="18" failed="3" warnings="0" inconclusive="0" skipped="2" asserts="37">
            <failure>
              <message><![CDATA[One or more child tests had errors]]></message>
            </failure>
            <test-suite type="TestSuite" id="1-1039" name="AP" fullname="Haufe.PT.Api.SystemTests.AP" runstate="Runnable" testcasecount="23" result="Failed" site="Child" start-time="2018-01-05 08:37:59Z" end-time="2018-01-05 08:41:30Z" duration="211.143038" total="23" passed="18" failed="3" warnings="0" inconclusive="0" skipped="2" asserts="37">
              <failure>
                <message><![CDATA[One or more child tests had errors]]></message>
              </failure>
              <test-suite type="SetUpFixture" id="1-1000" name="Tests" fullname="Haufe.PT.Api.SystemTests.AP.Tests.Initialize" classname="Haufe.PT.Api.SystemTests.AP.Tests.Initialize" runstate="Runnable" testcasecount="23" result="Failed" site="Child" start-time="2018-01-05 08:37:59Z" end-time="2018-01-05 08:41:30Z" duration="211.138008" total="23" passed="18" failed="3" warnings="0" inconclusive="0" skipped="2" asserts="37">
                <failure>
                  <message><![CDATA[One or more child tests had errors]]></message>
                </failure>
                <output><![CDATA[Starting Builder for [FinancialPeriodsTestDataBuilder]
Starting Builder for [PostingClassDataBuilder]
Starting Builder for [PostingAccountsMappingBuilder]
Starting Builder for [StockItemDataBuilder]
Starting Builder for [NonStockItemDataBuilder]
Starting Builder for [VendorDataBuilder]
Starting Builder for [TaxesTestDataBuilder]
Starting Builder for [PreferenceTestDataBuilder]
Starting Builder for [VendorTradeDiscountTestDataBuiler]
Starting Builder for [CustomerTestDataBuilder]
Data builder finished !!
]]></output>
                <test-suite type="TestFixture" id="1-1001" name="JournalTransactionTests" fullname="Haufe.PT.Api.SystemTests.AP.Tests.JournalTransactionTests" classname="Haufe.PT.Api.SystemTests.AP.Tests.JournalTransactionTests" runstate="Runnable" testcasecount="6" result="Failed" site="Child" start-time="2018-01-05 08:38:21Z" end-time="2018-01-05 08:40:02Z" duration="101.192396" total="6" passed="1" failed="3" warnings="0" inconclusive="0" skipped="2" asserts="8">
                  <failure>
                    <message><![CDATA[One or more child tests had errors]]></message>
                  </failure>
                  <test-suite type="ParameterizedMethod" id="1-1007" name="GlEntries_ForNonStockItemsWithNoOtherDiscountInPurchaseOrdder_CorrectAccountsArePostedToGl" fullname="Haufe.PT.Api.SystemTests.AP.Tests.JournalTransactionTests.GlEntries_ForNonStockItemsWithNoOtherDiscountInPurchaseOrdder_CorrectAccountsArePostedToGl" classname="Haufe.PT.Api.SystemTests.AP.Tests.JournalTransactionTests" runstate="Runnable" testcasecount="2" result="Failed" site="Child" start-time="2018-01-05 08:38:21Z" end-time="2018-01-05 08:39:12Z" duration="51.140213" total="2" passed="1" failed="1" warnings="0" inconclusive="0" skipped="0" asserts="4">
                    <properties>
                      <property name="Category" value="End2End" />
                      <property name="Category" value="Level3" />
                    </properties>
                    <failure>
                      <message><![CDATA[One or more child tests had errors]]></message>
                    </failure>
                    <test-case id="1-1005" name="GlEntries_ForNonStockItemsWithNoOtherDiscountInPurchaseOrdder_CorrectAccountsArePostedToGl(&quot;INLAND&quot;)" fullname="Haufe.PT.Api.SystemTests.AP.Tests.JournalTransactionTests.GlEntries_ForNonStockItemsWithNoOtherDiscountInPurchaseOrdder_CorrectAccountsArePostedToGl(&quot;INLAND&quot;)" methodname="GlEntries_ForNonStockItemsWithNoOtherDiscountInPurchaseOrdder_CorrectAccountsArePostedToGl" classname="Haufe.PT.Api.SystemTests.AP.Tests.JournalTransactionTests" runstate="Runnable" seed="700475763" result="Passed" start-time="2018-01-05 08:38:21Z" end-time="2018-01-05 08:38:57Z" duration="35.551015" asserts="2">
                      <output><![CDATA[Purchase Order : BE00000001
AP Bill: ER00000001
]]></output>
                    </test-case>
                    <test-case id="1-1006" name="GlEntries_ForNonStockItemsWithNoOtherDiscountInPurchaseOrdder_CorrectAccountsArePostedToGl(&quot;EU&quot;)" fullname="Haufe.PT.Api.SystemTests.AP.Tests.JournalTransactionTests.GlEntries_ForNonStockItemsWithNoOtherDiscountInPurchaseOrdder_CorrectAccountsArePostedToGl(&quot;EU&quot;)" methodname="GlEntries_ForNonStockItemsWithNoOtherDiscountInPurchaseOrdder_CorrectAccountsArePostedToGl" classname="Haufe.PT.Api.SystemTests.AP.Tests.JournalTransactionTests" runstate="Runnable" seed="698212553" result="Failed" start-time="2018-01-05 08:38:57Z" end-time="2018-01-05 08:39:12Z" duration="15.579008" asserts="2">
                      <failure>
                        <message><![CDATA[GL should contain transactions for following account. 5400
1406
1401
3300
5200
5200

]]></message>
                        <stack-trace><![CDATA[   at Haufe.PT.Api.SystemTests.TestBase.GlAssert.Verify(GlExpectation expected, JournalTransaction actual)
]]></stack-trace>
                      </failure>
                      <output><![CDATA[Purchase Order : BE00000002
AP Bill: ER00000002
]]></output>
                      <assertions>
                        <assertion result="Failed">
                          <message><![CDATA[GL should contain transactions for following account. 5400
1406
1401
3300
5200
5200

]]></message>
                          <stack-trace><![CDATA[   at Haufe.PT.Api.SystemTests.TestBase.GlAssert.Verify(GlExpectation expected, JournalTransaction actual)
]]></stack-trace>
                        </assertion>
                      </assertions>
                    </test-case>
                  </test-suite>
                  <test-suite type="ParameterizedMethod" id="1-1010" name="GlEntries_ForVendorWithDocumentDiscountAndInventoryItemsInPurchaseOrder_CorrectAccountsArePostedToGlForTradeDiscount" fullname="Haufe.PT.Api.SystemTests.AP.Tests.JournalTransactionTests.GlEntries_ForVendorWithDocumentDiscountAndInventoryItemsInPurchaseOrder_CorrectAccountsArePostedToGlForTradeDiscount" classname="Haufe.PT.Api.SystemTests.AP.Tests.JournalTransactionTests" runstate="Ignored" testcasecount="2" result="Skipped" label="Ignored" site="SetUp" start-time="2018-01-05 08:39:12Z" end-time="2018-01-05 08:39:12Z" duration="0.001975" total="2" passed="0" failed="0" warnings="0" inconclusive="0" skipped="2" asserts="0">
                    <properties>
                      <property name="_SKIPREASON" value="We need minor change on Acumatica side to enable this test" />
                      <property name="Category" value="End2End" />
                      <property name="Category" value="Level3" />
                    </properties>
                    <reason>
                      <message><![CDATA[We need minor change on Acumatica side to enable this test]]></message>
                    </reason>
                    <test-case id="1-1008" name="GlEntries_ForVendorWithDocumentDiscountAndInventoryItemsInPurchaseOrder_CorrectAccountsArePostedToGlForTradeDiscount(&quot;INLAND&quot;)" fullname="Haufe.PT.Api.SystemTests.AP.Tests.JournalTransactionTests.GlEntries_ForVendorWithDocumentDiscountAndInventoryItemsInPurchaseOrder_CorrectAccountsArePostedToGlForTradeDiscount(&quot;INLAND&quot;)" methodname="GlEntries_ForVendorWithDocumentDiscountAndInventoryItemsInPurchaseOrder_CorrectAccountsArePostedToGlForTradeDiscount" classname="Haufe.PT.Api.SystemTests.AP.Tests.JournalTransactionTests" runstate="Runnable" seed="1604537289" result="Skipped" label="Ignored" site="Parent" start-time="0001-01-01 00:00:00Z" end-time="0001-01-01 00:00:00Z" duration="0.000000" asserts="0">
                      <reason>
                        <message><![CDATA[OneTimeSetUp: We need minor change on Acumatica side to enable this test]]></message>
                      </reason>
                    </test-case>
                    <test-case id="1-1009" name="GlEntries_ForVendorWithDocumentDiscountAndInventoryItemsInPurchaseOrder_CorrectAccountsArePostedToGlForTradeDiscount(&quot;EU&quot;)" fullname="Haufe.PT.Api.SystemTests.AP.Tests.JournalTransactionTests.GlEntries_ForVendorWithDocumentDiscountAndInventoryItemsInPurchaseOrder_CorrectAccountsArePostedToGlForTradeDiscount(&quot;EU&quot;)" methodname="GlEntries_ForVendorWithDocumentDiscountAndInventoryItemsInPurchaseOrder_CorrectAccountsArePostedToGlForTradeDiscount" classname="Haufe.PT.Api.SystemTests.AP.Tests.JournalTransactionTests" runstate="Runnable" seed="1870242413" result="Skipped" label="Ignored" site="Parent" start-time="0001-01-01 00:00:00Z" end-time="0001-01-01 00:00:00Z" duration="0.000000" asserts="0">
                      <reason>
                        <message><![CDATA[OneTimeSetUp: We need minor change on Acumatica side to enable this test]]></message>
                      </reason>
                    </test-case>
                  </test-suite>
                  <test-suite type="ParameterizedMethod" id="1-1004" name="GlEntries_WithStockItemsWithNoCashDiscount_GlEntriesArePostedWithCorrectAccount" fullname="Haufe.PT.Api.SystemTests.AP.Tests.JournalTransactionTests.GlEntries_WithStockItemsWithNoCashDiscount_GlEntriesArePostedWithCorrectAccount" classname="Haufe.PT.Api.SystemTests.AP.Tests.JournalTransactionTests" runstate="Runnable" testcasecount="2" result="Failed" site="Child" start-time="2018-01-05 08:39:12Z" end-time="2018-01-05 08:40:02Z" duration="50.047309" total="2" passed="0" failed="2" warnings="0" inconclusive="0" skipped="0" asserts="4">
                    <properties>
                      <property name="Category" value="Level3" />
                      <property name="Category" value="End2End" />
                    </properties>
                    <failure>
                      <message><![CDATA[One or more child tests had errors]]></message>
                    </failure>
                    <test-case id="1-1002" name="GlEntries_WithStockItemsWithNoCashDiscount_GlEntriesArePostedWithCorrectAccount(&quot;INLAND&quot;)" fullname="Haufe.PT.Api.SystemTests.AP.Tests.JournalTransactionTests.GlEntries_WithStockItemsWithNoCashDiscount_GlEntriesArePostedWithCorrectAccount(&quot;INLAND&quot;)" methodname="GlEntries_WithStockItemsWithNoCashDiscount_GlEntriesArePostedWithCorrectAccount" classname="Haufe.PT.Api.SystemTests.AP.Tests.JournalTransactionTests" runstate="Runnable" seed="834419122" result="Failed" start-time="2018-01-05 08:39:12Z" end-time="2018-01-05 08:39:42Z" duration="29.349385" asserts="2">
                      <failure>
                        <message><![CDATA[GL should contain transactions for following account. 5200
5200
3300
5200
5425
5200
3804
1404
3802
1402
3300
5400
1406
1401

]]></message>
                        <stack-trace><![CDATA[   at Haufe.PT.Api.SystemTests.TestBase.GlAssert.Verify(GlExpectation expected, JournalTransaction actual)
]]></stack-trace>
                      </failure>
                      <output><![CDATA[Purchase Order : BE00000003
Purchase Receipt : EL00000001
AP Bill: ER00000003
]]></output>
                      <assertions>
                        <assertion result="Failed">
                          <message><![CDATA[GL should contain transactions for following account. 5200
5200
3300
5200
5425
5200
3804
1404
3802
1402
3300
5400
1406
1401

]]></message>
                          <stack-trace><![CDATA[   at Haufe.PT.Api.SystemTests.TestBase.GlAssert.Verify(GlExpectation expected, JournalTransaction actual)
]]></stack-trace>
                        </assertion>
                      </assertions>
                    </test-case>
                    <test-case id="1-1003" name="GlEntries_WithStockItemsWithNoCashDiscount_GlEntriesArePostedWithCorrectAccount(&quot;EU&quot;)" fullname="Haufe.PT.Api.SystemTests.AP.Tests.JournalTransactionTests.GlEntries_WithStockItemsWithNoCashDiscount_GlEntriesArePostedWithCorrectAccount(&quot;EU&quot;)" methodname="GlEntries_WithStockItemsWithNoCashDiscount_GlEntriesArePostedWithCorrectAccount" classname="Haufe.PT.Api.SystemTests.AP.Tests.JournalTransactionTests" runstate="Runnable" seed="1902930404" result="Failed" start-time="2018-01-05 08:39:42Z" end-time="2018-01-05 08:40:02Z" duration="20.697805" asserts="2">
                      <failure>
                        <message><![CDATA[GL should contain transactions for following account. 5200
5400
5200
1406
1401
3300
5200
5200
3300
5400
5300
1406
1401
3300
3631
5890
5425
3631
5890
3804
1404
3802
1402

]]></message>
                        <stack-trace><![CDATA[   at Haufe.PT.Api.SystemTests.TestBase.GlAssert.Verify(GlExpectation expected, JournalTransaction actual)
]]></stack-trace>
                      </failure>
                      <output><![CDATA[Purchase Order : BE00000004
Purchase Receipt : EL00000002
AP Bill: ER00000004
]]></output>
                      <assertions>
                        <assertion result="Failed">
                          <message><![CDATA[GL should contain transactions for following account. 5200
5400
5200
1406
1401
3300
5200
5200
3300
5400
5300
1406
1401
3300
3631
5890
5425
3631
5890
3804
1404
3802
1402

]]></message>
                          <stack-trace><![CDATA[   at Haufe.PT.Api.SystemTests.TestBase.GlAssert.Verify(GlExpectation expected, JournalTransaction actual)
]]></stack-trace>
                        </assertion>
                      </assertions>
                    </test-case>
                  </test-suite>
                </test-suite>
                <test-suite type="TestSuite" id="1-1041" name="NonStockItemsTests" fullname="Haufe.PT.Api.SystemTests.AP.Tests.NonStockItemsTests" runstate="Runnable" testcasecount="17" result="Passed" start-time="2018-01-05 08:38:21Z" end-time="2018-01-05 08:41:30Z" duration="188.781619" total="17" passed="17" failed="0" warnings="0" inconclusive="0" skipped="0" asserts="29">
                  <test-suite type="TestFixture" id="1-1028" name="BillAndAdjusmentAccountsOverriddenInPoTests" fullname="Haufe.PT.Api.SystemTests.AP.Tests.NonStockItemsTests.BillAndAdjusmentAccountsOverriddenInPoTests" classname="Haufe.PT.Api.SystemTests.AP.Tests.NonStockItemsTests.BillAndAdjusmentAccountsOverriddenInPoTests" runstate="Runnable" testcasecount="5" result="Passed" start-time="2018-01-05 08:40:02Z" end-time="2018-01-05 08:40:43Z" duration="40.985913" total="5" passed="5" failed="0" warnings="0" inconclusive="0" skipped="0" asserts="5">
                    <test-case id="1-1029" name="NonStockItemWithNormalAccount_OverriddenInPurchaseOrder_AreMaintainedInBill" fullname="Haufe.PT.Api.SystemTests.AP.Tests.NonStockItemsTests.BillAndAdjusmentAccountsOverriddenInPoTests.NonStockItemWithNormalAccount_OverriddenInPurchaseOrder_AreMaintainedInBill" methodname="NonStockItemWithNormalAccount_OverriddenInPurchaseOrder_AreMaintainedInBill" classname="Haufe.PT.Api.SystemTests.AP.Tests.NonStockItemsTests.BillAndAdjusmentAccountsOverriddenInPoTests" runstate="Runnable" seed="1107470992" result="Passed" start-time="2018-01-05 08:40:02Z" end-time="2018-01-05 08:40:10Z" duration="7.886056" asserts="1">
                      <properties>
                        <property name="Category" value="Level2" />
                      </properties>
                      <output><![CDATA[Purchase Order : BE00000005
AP Bill: ER00000005
]]></output>
                    </test-case>
                    <test-case id="1-1030" name="NonStockItemWithPamAccount_OverriddenInPurchaseOrder_AreMaintainedInBill" fullname="Haufe.PT.Api.SystemTests.AP.Tests.NonStockItemsTests.BillAndAdjusmentAccountsOverriddenInPoTests.NonStockItemWithPamAccount_OverriddenInPurchaseOrder_AreMaintainedInBill" methodname="NonStockItemWithPamAccount_OverriddenInPurchaseOrder_AreMaintainedInBill" classname="Haufe.PT.Api.SystemTests.AP.Tests.NonStockItemsTests.BillAndAdjusmentAccountsOverriddenInPoTests" runstate="Runnable" seed="318278804" result="Passed" start-time="2018-01-05 08:40:10Z" end-time="2018-01-05 08:40:18Z" duration="7.625157" asserts="1">
                      <properties>
                        <property name="Category" value="Level2" />
                      </properties>
                      <output><![CDATA[Purchase Order : BE00000006
AP Bill: ER00000006
]]></output>
                    </test-case>
                    <test-case id="1-1032" name="NonStockItemWithPamAccount_OverriddenInPurchaseOrderAndTaxCategoryChanged_DefaultedToValueInPam" fullname="Haufe.PT.Api.SystemTests.AP.Tests.NonStockItemsTests.BillAndAdjusmentAccountsOverriddenInPoTests.NonStockItemWithPamAccount_OverriddenInPurchaseOrderAndTaxCategoryChanged_DefaultedToValueInPam" methodname="NonStockItemWithPamAccount_OverriddenInPurchaseOrderAndTaxCategoryChanged_DefaultedToValueInPam" classname="Haufe.PT.Api.SystemTests.AP.Tests.NonStockItemsTests.BillAndAdjusmentAccountsOverriddenInPoTests" runstate="Runnable" seed="1054964094" result="Passed" start-time="2018-01-05 08:40:18Z" end-time="2018-01-05 08:40:26Z" duration="8.334705" asserts="1">
                      <properties>
                        <property name="Category" value="Level2" />
                      </properties>
                      <output><![CDATA[Purchase Order : BE00000007
AP Bill: ER00000007
]]></output>
                    </test-case>
                    <test-case id="1-1033" name="NonStockItemWithPamSetting_OverriddenInPurchaseOrderAndTaxCategoryChangedTwice_DefaultedToValueInPam" fullname="Haufe.PT.Api.SystemTests.AP.Tests.NonStockItemsTests.BillAndAdjusmentAccountsOverriddenInPoTests.NonStockItemWithPamSetting_OverriddenInPurchaseOrderAndTaxCategoryChangedTwice_DefaultedToValueInPam" methodname="NonStockItemWithPamSetting_OverriddenInPurchaseOrderAndTaxCategoryChangedTwice_DefaultedToValueInPam" classname="Haufe.PT.Api.SystemTests.AP.Tests.NonStockItemsTests.BillAndAdjusmentAccountsOverriddenInPoTests" runstate="Runnable" seed="1437945293" result="Passed" start-time="2018-01-05 08:40:26Z" end-time="2018-01-05 08:40:35Z" duration="9.333380" asserts="1">
                      <properties>
                        <property name="Category" value="Level2" />
                      </properties>
                      <output><![CDATA[Purchase Order : BE00000008
AP Bill: ER00000008
]]></output>
                    </test-case>
                    <test-case id="1-1031" name="NonStockItemWithPcAccount_OverriddenInPurchaseOrder_AreMaintainedInBill" fullname="Haufe.PT.Api.SystemTests.AP.Tests.NonStockItemsTests.BillAndAdjusmentAccountsOverriddenInPoTests.NonStockItemWithPcAccount_OverriddenInPurchaseOrder_AreMaintainedInBill" methodname="NonStockItemWithPcAccount_OverriddenInPurchaseOrder_AreMaintainedInBill" classname="Haufe.PT.Api.SystemTests.AP.Tests.NonStockItemsTests.BillAndAdjusmentAccountsOverriddenInPoTests" runstate="Runnable" seed="1733076816" result="Passed" start-time="2018-01-05 08:40:35Z" end-time="2018-01-05 08:40:43Z" duration="7.806149" asserts="1">
                      <properties>
                        <property name="Category" value="Level2" />
                      </properties>
                      <output><![CDATA[Purchase Order : BE00000009
AP Bill: ER00000009
]]></output>
                    </test-case>
                  </test-suite>
                  <test-suite type="TestFixture" id="1-1011" name="BillsAndAdjustmentDefaultingTests" fullname="Haufe.PT.Api.SystemTests.AP.Tests.NonStockItemsTests.BillsAndAdjustmentDefaultingTests" classname="Haufe.PT.Api.SystemTests.AP.Tests.NonStockItemsTests.BillsAndAdjustmentDefaultingTests" runstate="Runnable" testcasecount="5" result="Passed" start-time="2018-01-05 08:40:43Z" end-time="2018-01-05 08:41:12Z" duration="28.980975" total="5" passed="5" failed="0" warnings="0" inconclusive="0" skipped="0" asserts="11">
                    <test-case id="1-1012" name="NonStockItem_WithInventoryItemSetting_IsDefaultedWithAccountSpecifiedInInventoryItem" fullname="Haufe.PT.Api.SystemTests.AP.Tests.NonStockItemsTests.BillsAndAdjustmentDefaultingTests.NonStockItem_WithInventoryItemSetting_IsDefaultedWithAccountSpecifiedInInventoryItem" methodname="NonStockItem_WithInventoryItemSetting_IsDefaultedWithAccountSpecifiedInInventoryItem" classname="Haufe.PT.Api.SystemTests.AP.Tests.NonStockItemsTests.BillsAndAdjustmentDefaultingTests" runstate="Runnable" seed="1289059455" result="Passed" start-time="2018-01-05 08:40:43Z" end-time="2018-01-05 08:40:45Z" duration="2.074623" asserts="1">
                      <properties>
                        <property name="Category" value="Level1" />
                        <property name="Description" value="Non-Stock item having Inventory Item setting in Posting Class, is defaultedwith an account specified in non-stock item's -&gt; GL Accounts -&gt; Expense Account" />
                      </properties>
                      <output><![CDATA[AP Bill: ER00000010
]]></output>
                    </test-case>
                    <test-case id="1-1013" name="NonStockItem_WithPamPostingClassSetting_IsDefaultedWithAccountSpecifiedInPam" fullname="Haufe.PT.Api.SystemTests.AP.Tests.NonStockItemsTests.BillsAndAdjustmentDefaultingTests.NonStockItem_WithPamPostingClassSetting_IsDefaultedWithAccountSpecifiedInPam" methodname="NonStockItem_WithPamPostingClassSetting_IsDefaultedWithAccountSpecifiedInPam" classname="Haufe.PT.Api.SystemTests.AP.Tests.NonStockItemsTests.BillsAndAdjustmentDefaultingTests" runstate="Runnable" seed="977256181" result="Passed" start-time="2018-01-05 08:40:45Z" end-time="2018-01-05 08:40:47Z" duration="1.983124" asserts="1">
                      <properties>
                        <property name="Category" value="Level1" />
                        <property name="Description" value="Non-Stock item having PAM setting in posting classs, is Defaulted with an accountspecified in Posting Account mapping table" />
                      </properties>
                      <output><![CDATA[AP Bill: ER00000011
]]></output>
                    </test-case>
                    <test-suite type="ParameterizedMethod" id="1-1017" name="StockItem_IsDefaultedWithAccountSpecifiedInPam" fullname="Haufe.PT.Api.SystemTests.AP.Tests.NonStockItemsTests.BillsAndAdjustmentDefaultingTests.StockItem_IsDefaultedWithAccountSpecifiedInPam" classname="Haufe.PT.Api.SystemTests.AP.Tests.NonStockItemsTests.BillsAndAdjustmentDefaultingTests" runstate="Runnable" testcasecount="3" result="Passed" start-time="2018-01-05 08:40:47Z" end-time="2018-01-05 08:41:12Z" duration="24.916983" total="3" passed="3" failed="0" warnings="0" inconclusive="0" skipped="0" asserts="9">
                      <properties>
                        <property name="Category" value="Level1" />
                        <property name="Description" value="Stock items is Defaulted with an account specified in Posting Account mapping table. verifying all taxcategories and taxzones" />
                      </properties>
                      <test-case id="1-1014" name="StockItem_IsDefaultedWithAccountSpecifiedInPam(&quot;INLAND&quot;)" fullname="Haufe.PT.Api.SystemTests.AP.Tests.NonStockItemsTests.BillsAndAdjustmentDefaultingTests.StockItem_IsDefaultedWithAccountSpecifiedInPam(&quot;INLAND&quot;)" methodname="StockItem_IsDefaultedWithAccountSpecifiedInPam" classname="Haufe.PT.Api.SystemTests.AP.Tests.NonStockItemsTests.BillsAndAdjustmentDefaultingTests" runstate="Runnable" seed="1342187649" result="Passed" start-time="2018-01-05 08:40:47Z" end-time="2018-01-05 08:40:56Z" duration="8.449643" asserts="3">
                        <output><![CDATA[Purchase Receipt : EL00000003
AP Bill: ER00000012
]]></output>
                      </test-case>
                      <test-case id="1-1015" name="StockItem_IsDefaultedWithAccountSpecifiedInPam(&quot;EU&quot;)" fullname="Haufe.PT.Api.SystemTests.AP.Tests.NonStockItemsTests.BillsAndAdjustmentDefaultingTests.StockItem_IsDefaultedWithAccountSpecifiedInPam(&quot;EU&quot;)" methodname="StockItem_IsDefaultedWithAccountSpecifiedInPam" classname="Haufe.PT.Api.SystemTests.AP.Tests.NonStockItemsTests.BillsAndAdjustmentDefaultingTests" runstate="Runnable" seed="1338527235" result="Passed" start-time="2018-01-05 08:40:56Z" end-time="2018-01-05 08:41:04Z" duration="8.511607" asserts="3">
                        <output><![CDATA[Purchase Receipt : EL00000004
AP Bill: ER00000013
]]></output>
                      </test-case>
                      <test-case id="1-1016" name="StockItem_IsDefaultedWithAccountSpecifiedInPam(&quot;DRITTLAND&quot;)" fullname="Haufe.PT.Api.SystemTests.AP.Tests.NonStockItemsTests.BillsAndAdjustmentDefaultingTests.StockItem_IsDefaultedWithAccountSpecifiedInPam(&quot;DRITTLAND&quot;)" methodname="StockItem_IsDefaultedWithAccountSpecifiedInPam" classname="Haufe.PT.Api.SystemTests.AP.Tests.NonStockItemsTests.BillsAndAdjustmentDefaultingTests" runstate="Runnable" seed="657055666" result="Passed" start-time="2018-01-05 08:41:04Z" end-time="2018-01-05 08:41:12Z" duration="7.955589" asserts="3">
                        <output><![CDATA[Purchase Receipt : EL00000005
AP Bill: ER00000014
]]></output>
                      </test-case>
                    </test-suite>
                  </test-suite>
                  <test-suite type="TestFixture" id="1-1018" name="PurchaseOrderDefaultingTests" fullname="Haufe.PT.Api.SystemTests.AP.Tests.NonStockItemsTests.PurchaseOrderDefaultingTests" classname="Haufe.PT.Api.SystemTests.AP.Tests.NonStockItemsTests.PurchaseOrderDefaultingTests" runstate="Runnable" testcasecount="5" result="Passed" start-time="2018-01-05 08:41:12Z" end-time="2018-01-05 08:41:25Z" duration="12.479974" total="5" passed="5" failed="0" warnings="0" inconclusive="0" skipped="0" asserts="11">
                    <test-case id="1-1019" name="NonStockItem_WithInventoryItemSetting_IsDefaultedWithAccountSpecifiedInInventoryItem" fullname="Haufe.PT.Api.SystemTests.AP.Tests.NonStockItemsTests.PurchaseOrderDefaultingTests.NonStockItem_WithInventoryItemSetting_IsDefaultedWithAccountSpecifiedInInventoryItem" methodname="NonStockItem_WithInventoryItemSetting_IsDefaultedWithAccountSpecifiedInInventoryItem" classname="Haufe.PT.Api.SystemTests.AP.Tests.NonStockItemsTests.PurchaseOrderDefaultingTests" runstate="Runnable" seed="1654181880" result="Passed" start-time="2018-01-05 08:41:12Z" end-time="2018-01-05 08:41:14Z" duration="2.244328" asserts="1">
                      <properties>
                        <property name="Category" value="Level1" />
                        <property name="Description" value="Non-Stock item specified in Purchase order having standard posting class is defaulted to Expense account specified in Non-Stock Item -&gt;GL Accounts -&gt; Expense Account Field" />
                      </properties>
                      <output><![CDATA[Purchase Order : BE00000010
]]></output>
                    </test-case>
                    <test-case id="1-1020" name="NonStockItem_WithPamPostingClassSetting_IsDefaultedWithAccountSpecifiedInPam" fullname="Haufe.PT.Api.SystemTests.AP.Tests.NonStockItemsTests.PurchaseOrderDefaultingTests.NonStockItem_WithPamPostingClassSetting_IsDefaultedWithAccountSpecifiedInPam" methodname="NonStockItem_WithPamPostingClassSetting_IsDefaultedWithAccountSpecifiedInPam" classname="Haufe.PT.Api.SystemTests.AP.Tests.NonStockItemsTests.PurchaseOrderDefaultingTests" runstate="Runnable" seed="1793690907" result="Passed" start-time="2018-01-05 08:41:14Z" end-time="2018-01-05 08:41:17Z" duration="2.177740" asserts="1">
                      <properties>
                        <property name="Category" value="Level1" />
                        <property name="Description" value="Non-Stock item specified in Purchase order having Posting Class mapped to PAM. The order line inside PO, is defaulted to the account specified in PAM -&gt; AP Purchase Account" />
                      </properties>
                      <output><![CDATA[Purchase Order : BE00000011
]]></output>
                    </test-case>
                    <test-suite type="ParameterizedMethod" id="1-1024" name="StockItem_IsNotDefaultedAndEmpty" fullname="Haufe.PT.Api.SystemTests.AP.Tests.NonStockItemsTests.PurchaseOrderDefaultingTests.StockItem_IsNotDefaultedAndEmpty" classname="Haufe.PT.Api.SystemTests.AP.Tests.NonStockItemsTests.PurchaseOrderDefaultingTests" runstate="Runnable" testcasecount="3" result="Passed" start-time="2018-01-05 08:41:17Z" end-time="2018-01-05 08:41:25Z" duration="8.055463" total="3" passed="3" failed="0" warnings="0" inconclusive="0" skipped="0" asserts="9">
                      <properties>
                        <property name="Category" value="Level1" />
                        <property name="Description" value="Stock item specified in Purchase order are not defaulted and should be empty for all order lines. verifying all taxcategories and taxzones" />
                      </properties>
                      <test-case id="1-1021" name="StockItem_IsNotDefaultedAndEmpty(&quot;INLAND&quot;)" fullname="Haufe.PT.Api.SystemTests.AP.Tests.NonStockItemsTests.PurchaseOrderDefaultingTests.StockItem_IsNotDefaultedAndEmpty(&quot;INLAND&quot;)" methodname="StockItem_IsNotDefaultedAndEmpty" classname="Haufe.PT.Api.SystemTests.AP.Tests.NonStockItemsTests.PurchaseOrderDefaultingTests" runstate="Runnable" seed="1098906434" result="Passed" start-time="2018-01-05 08:41:17Z" end-time="2018-01-05 08:41:19Z" duration="2.560380" asserts="3">
                        <output><![CDATA[Purchase Order : BE00000012
]]></output>
                      </test-case>
                      <test-case id="1-1022" name="StockItem_IsNotDefaultedAndEmpty(&quot;EU&quot;)" fullname="Haufe.PT.Api.SystemTests.AP.Tests.NonStockItemsTests.PurchaseOrderDefaultingTests.StockItem_IsNotDefaultedAndEmpty(&quot;EU&quot;)" methodname="StockItem_IsNotDefaultedAndEmpty" classname="Haufe.PT.Api.SystemTests.AP.Tests.NonStockItemsTests.PurchaseOrderDefaultingTests" runstate="Runnable" seed="1725959870" result="Passed" start-time="2018-01-05 08:41:19Z" end-time="2018-01-05 08:41:22Z" duration="2.864140" asserts="3">
                        <output><![CDATA[Purchase Order : BE00000013
]]></output>
                      </test-case>
                      <test-case id="1-1023" name="StockItem_IsNotDefaultedAndEmpty(&quot;DRITTLAND&quot;)" fullname="Haufe.PT.Api.SystemTests.AP.Tests.NonStockItemsTests.PurchaseOrderDefaultingTests.StockItem_IsNotDefaultedAndEmpty(&quot;DRITTLAND&quot;)" methodname="StockItem_IsNotDefaultedAndEmpty" classname="Haufe.PT.Api.SystemTests.AP.Tests.NonStockItemsTests.PurchaseOrderDefaultingTests" runstate="Runnable" seed="18357159" result="Passed" start-time="2018-01-05 08:41:22Z" end-time="2018-01-05 08:41:25Z" duration="2.628240" asserts="3">
                        <output><![CDATA[Purchase Order : BE00000014
]]></output>
                      </test-case>
                    </test-suite>
                  </test-suite>
                  <test-suite type="TestFixture" id="1-1025" name="PurchaseReceiptDefaultingTests" fullname="Haufe.PT.Api.SystemTests.AP.Tests.NonStockItemsTests.PurchaseReceiptDefaultingTests" classname="Haufe.PT.Api.SystemTests.AP.Tests.NonStockItemsTests.PurchaseReceiptDefaultingTests" runstate="Runnable" testcasecount="2" result="Passed" start-time="2018-01-05 08:41:25Z" end-time="2018-01-05 08:41:30Z" duration="5.138126" total="2" passed="2" failed="0" warnings="0" inconclusive="0" skipped="0" asserts="2">
                    <test-case id="1-1026" name="NonStockItem_WithInventoryItemSetting_IsDefaultedWithAccountSpecifiedInInventoryItem" fullname="Haufe.PT.Api.SystemTests.AP.Tests.NonStockItemsTests.PurchaseReceiptDefaultingTests.NonStockItem_WithInventoryItemSetting_IsDefaultedWithAccountSpecifiedInInventoryItem" methodname="NonStockItem_WithInventoryItemSetting_IsDefaultedWithAccountSpecifiedInInventoryItem" classname="Haufe.PT.Api.SystemTests.AP.Tests.NonStockItemsTests.PurchaseReceiptDefaultingTests" runstate="Runnable" seed="1821583495" result="Passed" start-time="2018-01-05 08:41:25Z" end-time="2018-01-05 08:41:27Z" duration="2.607489" asserts="1">
                      <properties>
                        <property name="Category" value="Level1" />
                        <property name="Description" value="Non-Stock item selected in Purchase Receipt having Inventory item class as a posting class specified in settings, is defaulted with an Account specified in the inventory item -&gt; GL Accounts -&gt; Expense Account" />
                      </properties>
                      <output><![CDATA[Purchase Receipt : EL00000006
]]></output>
                    </test-case>
                    <test-case id="1-1027" name="NonStockItem_WithPamPostingClassSetting_IsDefaultedWithAccountSpecifiedInPam" fullname="Haufe.PT.Api.SystemTests.AP.Tests.NonStockItemsTests.PurchaseReceiptDefaultingTests.NonStockItem_WithPamPostingClassSetting_IsDefaultedWithAccountSpecifiedInPam" methodname="NonStockItem_WithPamPostingClassSetting_IsDefaultedWithAccountSpecifiedInPam" classname="Haufe.PT.Api.SystemTests.AP.Tests.NonStockItemsTests.PurchaseReceiptDefaultingTests" runstate="Runnable" seed="337786122" result="Passed" start-time="2018-01-05 08:41:27Z" end-time="2018-01-05 08:41:30Z" duration="2.530252" asserts="1">
                      <properties>
                        <property name="Category" value="Level1" />
                        <property name="Description" value="Non-stock item selected in Purchase Receipt having PAM table as posting class spcified in settings, is defaulted with an account specified in posting account mappings table" />
                      </properties>
                      <output><![CDATA[Purchase Receipt : EL00000007
]]></output>
                    </test-case>
                  </test-suite>
                </test-suite>
              </test-suite>
            </test-suite>
          </test-suite>
        </test-suite>
      </test-suite>
    </test-suite>
  </test-suite>
  <test-suite type="Assembly" id="2-1003" name="AR.Tests.dll" fullname="\go\pipelines\TOP-4230-pt_systemtests_dev\Tests\TestDlls\AR.Tests.dll" runstate="Runnable" testcasecount="1" result="Failed" site="Child" start-time="2018-01-05 08:41:30Z" end-time="2018-01-05 08:42:15Z" duration="44.845724" total="1" passed="0" failed="1" warnings="0" inconclusive="0" skipped="0" asserts="0">
    <environment framework-version="3.9.0.0" clr-version="4.0.30319.42000" os-version="Microsoft Windows NT 10.0.14393.0" platform="Win32NT" cwd="\go\pipelines\TOP-4230-pt_systemtests_dev\Tests\TestDlls" machine-name="ACME" user="donald" user-domain="topsecret" culture="en-US" uiculture="en-US" os-architecture="x64" />
    <settings>
      <setting name="ProcessModel" value="InProcess" />
      <setting name="DisposeRunners" value="True" />
      <setting name="WorkDirectory" value="TestResult" />
      <setting name="NumberOfTestWorkers" value="1" />
      <setting name="ImageRuntimeVersion" value="4.0.30319" />
      <setting name="ImageTargetFrameworkName" value=".NETFramework,Version=v4.7" />
      <setting name="ImageRequiresX86" value="False" />
      <setting name="ImageRequiresDefaultAppDomainAssemblyResolver" value="False" />
    </settings>
    <properties>
      <property name="_PID" value="6952" />
      <property name="_APPDOMAIN" value="test-domain-AR.Tests.dll" />
    </properties>
    <failure>
      <message><![CDATA[One or more child tests had errors]]></message>
    </failure>
    <test-suite type="TestSuite" id="2-1004" name="Haufe" fullname="Haufe" runstate="Runnable" testcasecount="1" result="Failed" site="Child" start-time="2018-01-05 08:41:30Z" end-time="2018-01-05 08:42:15Z" duration="44.820424" total="1" passed="0" failed="1" warnings="0" inconclusive="0" skipped="0" asserts="0">
      <failure>
        <message><![CDATA[One or more child tests had errors]]></message>
      </failure>
      <test-suite type="TestSuite" id="2-1005" name="PT" fullname="Haufe.PT" runstate="Runnable" testcasecount="1" result="Failed" site="Child" start-time="2018-01-05 08:41:30Z" end-time="2018-01-05 08:42:15Z" duration="44.819394" total="1" passed="0" failed="1" warnings="0" inconclusive="0" skipped="0" asserts="0">
        <failure>
          <message><![CDATA[One or more child tests had errors]]></message>
        </failure>
        <test-suite type="TestSuite" id="2-1006" name="Api" fullname="Haufe.PT.Api" runstate="Runnable" testcasecount="1" result="Failed" site="Child" start-time="2018-01-05 08:41:30Z" end-time="2018-01-05 08:42:15Z" duration="44.819378" total="1" passed="0" failed="1" warnings="0" inconclusive="0" skipped="0" asserts="0">
          <failure>
            <message><![CDATA[One or more child tests had errors]]></message>
          </failure>
          <test-suite type="TestSuite" id="2-1007" name="SystemTests" fullname="Haufe.PT.Api.SystemTests" runstate="Runnable" testcasecount="1" result="Failed" site="Child" start-time="2018-01-05 08:41:30Z" end-time="2018-01-05 08:42:15Z" duration="44.819367" total="1" passed="0" failed="1" warnings="0" inconclusive="0" skipped="0" asserts="0">
            <failure>
              <message><![CDATA[One or more child tests had errors]]></message>
            </failure>
            <test-suite type="TestSuite" id="2-1008" name="AR" fullname="Haufe.PT.Api.SystemTests.AR" runstate="Runnable" testcasecount="1" result="Failed" site="Child" start-time="2018-01-05 08:41:30Z" end-time="2018-01-05 08:42:15Z" duration="44.819355" total="1" passed="0" failed="1" warnings="0" inconclusive="0" skipped="0" asserts="0">
              <failure>
                <message><![CDATA[One or more child tests had errors]]></message>
              </failure>
              <test-suite type="SetUpFixture" id="2-1000" name="Tests" fullname="Haufe.PT.Api.SystemTests.AR.Tests.Initialize" classname="Haufe.PT.Api.SystemTests.AR.Tests.Initialize" runstate="Runnable" testcasecount="1" result="Failed" site="Child" start-time="2018-01-05 08:41:30Z" end-time="2018-01-05 08:42:15Z" duration="44.815294" total="1" passed="0" failed="1" warnings="0" inconclusive="0" skipped="0" asserts="0">
                <failure>
                  <message><![CDATA[One or more child tests had errors]]></message>
                </failure>
                <output><![CDATA[Starting Builder for [FinancialPeriodsTestDataBuilder]
Starting Builder for [PostingClassDataBuilder]
Starting Builder for [PostingAccountsMappingBuilder]
Starting Builder for [StockItemDataBuilder]
Starting Builder for [NonStockItemDataBuilder]
Starting Builder for [VendorDataBuilder]
Starting Builder for [TaxesTestDataBuilder]
Starting Builder for [PreferenceTestDataBuilder]
Starting Builder for [VendorTradeDiscountTestDataBuiler]
Starting Builder for [CustomerTestDataBuilder]
Data builder finished !!
]]></output>
                <test-suite type="TestFixture" id="2-1001" name="JournalTransactionTests" fullname="Haufe.PT.Api.SystemTests.AR.Tests.JournalTransactionTests" classname="Haufe.PT.Api.SystemTests.AR.Tests.JournalTransactionTests" runstate="Runnable" testcasecount="1" result="Failed" site="Child" start-time="2018-01-05 08:41:36Z" end-time="2018-01-05 08:42:15Z" duration="38.581825" total="1" passed="0" failed="1" warnings="0" inconclusive="0" skipped="0" asserts="0">
                  <failure>
                    <message><![CDATA[One or more child tests had errors]]></message>
                  </failure>
                  <test-case id="2-1002" name="GlEntries_WithSalesOrderHavingStockAndNonStockItemsAndDocumentDiscount_PostsCorrectAccountsToGl" fullname="Haufe.PT.Api.SystemTests.AR.Tests.JournalTransactionTests.GlEntries_WithSalesOrderHavingStockAndNonStockItemsAndDocumentDiscount_PostsCorrectAccountsToGl" methodname="GlEntries_WithSalesOrderHavingStockAndNonStockItemsAndDocumentDiscount_PostsCorrectAccountsToGl" classname="Haufe.PT.Api.SystemTests.AR.Tests.JournalTransactionTests" runstate="Runnable" seed="1911052413" result="Failed" label="Error" start-time="2018-01-05 08:41:36Z" end-time="2018-01-05 08:42:15Z" duration="38.574247" asserts="0">
                    <failure>
                      <message><![CDATA[System.Exception : Long running process did not succeed or is still running.Increase the attempt count to further wait for the process to finish]]></message>
                      <stack-trace><![CDATA[   at Haufe.PT.Api.SystemTests.TestDataBuilder.TestEntity`2.FetchWhile(Func`2 condition, Int32 attemptCount)
   at Haufe.PT.Api.SystemTests.TestDataBuilder.AR.ShipmentEntity.PrepareInvoice()
   at Haufe.PT.Api.SystemTests.AR.Tests.JournalTransactionTests.CreateSoAndInvoice(Customer customer, List`1 stockItems, List`1 nonStockItems)
   at Haufe.PT.Api.SystemTests.AR.Tests.JournalTransactionTests.GlEntries_WithSalesOrderHavingStockAndNonStockItemsAndDocumentDiscount_PostsCorrectAccountsToGl()]]></stack-trace>
                    </failure>
                    <output><![CDATA[Sales Order: VA00000001
Shipment Number: VL00000001
]]></output>
                  </test-case>
                </test-suite>
              </test-suite>
            </test-suite>
          </test-suite>
        </test-suite>
      </test-suite>
    </test-suite>
  </test-suite>
  <test-suite type="Assembly" id="3-1005" name="TestDatBuilder.Tests.dll" fullname="\go\pipelines\TOP-4230-pt_systemtests_dev\Tests\TestDlls\TestDatBuilder.Tests.dll" runstate="Runnable" testcasecount="3" result="Failed" site="Child" start-time="2018-01-05 08:42:15Z" end-time="2018-01-05 08:42:17Z" duration="2.598382" total="3" passed="0" failed="2" warnings="0" inconclusive="0" skipped="1" asserts="0">
    <environment framework-version="3.9.0.0" clr-version="4.0.30319.42000" os-version="Microsoft Windows NT 10.0.14393.0" platform="Win32NT" cwd="\go\pipelines\TOP-4230-pt_systemtests_dev\Tests\TestDlls" machine-name="ACME" user="donald" user-domain="topsecret" culture="en-US" uiculture="en-US" os-architecture="x64" />
    <settings>
      <setting name="ProcessModel" value="InProcess" />
      <setting name="DisposeRunners" value="True" />
      <setting name="WorkDirectory" value="TestResult" />
      <setting name="NumberOfTestWorkers" value="1" />
      <setting name="ImageRuntimeVersion" value="4.0.30319" />
      <setting name="ImageTargetFrameworkName" value=".NETFramework,Version=v4.7" />
      <setting name="ImageRequiresX86" value="False" />
      <setting name="ImageRequiresDefaultAppDomainAssemblyResolver" value="False" />
    </settings>
    <properties>
      <property name="_PID" value="6952" />
      <property name="_APPDOMAIN" value="test-domain-TestDatBuilder.Tests.dll" />
    </properties>
    <failure>
      <message><![CDATA[One or more child tests had errors]]></message>
    </failure>
    <test-suite type="TestSuite" id="3-1006" name="TestDatBuilder" fullname="TestDatBuilder" runstate="Runnable" testcasecount="3" result="Failed" site="Child" start-time="2018-01-05 08:42:15Z" end-time="2018-01-05 08:42:17Z" duration="2.573139" total="3" passed="0" failed="2" warnings="0" inconclusive="0" skipped="1" asserts="0">
      <failure>
        <message><![CDATA[One or more child tests had errors]]></message>
      </failure>
      <test-suite type="TestSuite" id="3-1007" name="Tests" fullname="TestDatBuilder.Tests" runstate="Runnable" testcasecount="3" result="Failed" site="Child" start-time="2018-01-05 08:42:15Z" end-time="2018-01-05 08:42:17Z" duration="2.572090" total="3" passed="0" failed="2" warnings="0" inconclusive="0" skipped="1" asserts="0">
        <failure>
          <message><![CDATA[One or more child tests had errors]]></message>
        </failure>
        <test-suite type="TestFixture" id="3-1000" name="DateProviderTests" fullname="TestDatBuilder.Tests.DateProviderTests" classname="TestDatBuilder.Tests.DateProviderTests" runstate="Runnable" testcasecount="2" result="Failed" site="Child" start-time="2018-01-05 08:42:15Z" end-time="2018-01-05 08:42:17Z" duration="2.562135" total="2" passed="0" failed="2" warnings="0" inconclusive="0" skipped="0" asserts="0">
          <failure>
            <message><![CDATA[One or more child tests had errors]]></message>
          </failure>
          <test-case id="3-1001" name="GetDateWithinFinancialPeriod_WithFinancialPeriodIntheSystem_ReturnsCorrectDate" fullname="TestDatBuilder.Tests.DateProviderTests.GetDateWithinFinancialPeriod_WithFinancialPeriodIntheSystem_ReturnsCorrectDate" methodname="GetDateWithinFinancialPeriod_WithFinancialPeriodIntheSystem_ReturnsCorrectDate" classname="TestDatBuilder.Tests.DateProviderTests" runstate="Runnable" seed="1722359314" result="Failed" label="Error" start-time="2018-01-05 08:42:15Z" end-time="2018-01-05 08:42:17Z" duration="2.534753" asserts="0">
            <properties>
              <property name="Category" value="Level1" />
            </properties>
            <failure>
              <message><![CDATA[System.Net.Http.HttpRequestException : Response status code does not indicate success: 404 (Not Found).]]></message>
              <stack-trace><![CDATA[   at System.Net.Http.HttpResponseMessage.EnsureSuccessStatusCode()
   at Haufe.PT.Api.SystemTests.ApiClient.AuthClient.Login(LoginInformation loginInformation, String baseUrl)]]></stack-trace>
            </failure>
          </test-case>
          <test-case id="3-1002" name="GetDateWithinFinancialPeriod_WithFinancialPeriodsFetchedByBuilder_ReturnsCorrectDate" fullname="TestDatBuilder.Tests.DateProviderTests.GetDateWithinFinancialPeriod_WithFinancialPeriodsFetchedByBuilder_ReturnsCorrectDate" methodname="GetDateWithinFinancialPeriod_WithFinancialPeriodsFetchedByBuilder_ReturnsCorrectDate" classname="TestDatBuilder.Tests.DateProviderTests" runstate="Runnable" seed="482221251" result="Failed" label="Error" start-time="2018-01-05 08:42:17Z" end-time="2018-01-05 08:42:17Z" duration="0.010390" asserts="0">
            <properties>
              <property name="Category" value="Level1" />
            </properties>
            <failure>
              <message><![CDATA[System.Net.Http.HttpRequestException : Response status code does not indicate success: 404 (Not Found).]]></message>
              <stack-trace><![CDATA[   at System.Net.Http.HttpResponseMessage.EnsureSuccessStatusCode()
   at Haufe.PT.Api.SystemTests.ApiClient.AuthClient.Login(LoginInformation loginInformation, String baseUrl)]]></stack-trace>
            </failure>
          </test-case>
        </test-suite>
        <test-suite type="TestFixture" id="3-1003" name="VendorTestDataBuilderTests" fullname="TestDatBuilder.Tests.VendorTestDataBuilderTests" classname="TestDatBuilder.Tests.VendorTestDataBuilderTests" runstate="Runnable" testcasecount="1" result="Skipped" label="Ignored" start-time="2018-01-05 08:42:17Z" end-time="2018-01-05 08:42:17Z" duration="0.001215" total="1" passed="0" failed="0" warnings="0" inconclusive="0" skipped="1" asserts="0">
          <reason>
            <message><![CDATA[One or more child tests were ignored]]></message>
          </reason>
          <test-case id="3-1004" name="Build_WithTestDataAndVendors_ConfiguresDocumentDiscountForAllZones" fullname="TestDatBuilder.Tests.VendorTestDataBuilderTests.Build_WithTestDataAndVendors_ConfiguresDocumentDiscountForAllZones" methodname="Build_WithTestDataAndVendors_ConfiguresDocumentDiscountForAllZones" classname="TestDatBuilder.Tests.VendorTestDataBuilderTests" runstate="Ignored" seed="1124358096" result="Skipped" label="Ignored" start-time="2018-01-05 08:42:17Z" end-time="2018-01-05 08:42:17Z" duration="0.001032" asserts="0">
            <properties>
              <property name="_SKIPREASON" value="We need minor change on Acumatica side to enable this test" />
              <property name="Category" value="Level1" />
              <property name="Category" value="DataBuilderTests" />
            </properties>
            <reason>
              <message><![CDATA[We need minor change on Acumatica side to enable this test]]></message>
            </reason>
          </test-case>
        </test-suite>
      </test-suite>
    </test-suite>
  </test-suite>
</test-run>